<?xml version="1.0" encoding="UTF-8"?>
<coverage generated="1751540502385" clover="3.2.0">
  <project timestamp="1751540502385" name="All files">
    <metrics statements="164" coveredstatements="110" conditionals="57" coveredconditionals="23" methods="43" coveredmethods="36" elements="264" coveredelements="169" complexity="0" loc="164" ncloc="164" packages="2" files="10" classes="10"/>
    <package name="src">
      <metrics statements="73" coveredstatements="31" conditionals="36" coveredconditionals="8" methods="11" coveredmethods="7"/>
      <file name="App.jsx" path="/Users/robertocostantino/myProjects/meet/src/App.jsx">
        <metrics statements="20" coveredstatements="19" conditionals="10" coveredconditionals="7" methods="4" coveredmethods="4"/>
        <line num="11" count="50" type="stmt"/>
        <line num="12" count="46" type="stmt"/>
        <line num="13" count="46" type="stmt"/>
        <line num="14" count="46" type="stmt"/>
        <line num="15" count="46" type="stmt"/>
        <line num="16" count="46" type="stmt"/>
        <line num="17" count="46" type="stmt"/>
        <line num="20" count="46" type="stmt"/>
        <line num="21" count="21" type="stmt"/>
        <line num="22" count="21" type="cond" truecount="2" falsecount="0"/>
        <line num="24" count="70" type="stmt"/>
        <line num="25" count="21" type="stmt"/>
        <line num="26" count="21" type="stmt"/>
        <line num="28" count="46" type="stmt"/>
        <line num="30" count="21" type="cond" truecount="1" falsecount="1"/>
        <line num="31" count="21" type="stmt"/>
        <line num="33" count="0" type="stmt"/>
        <line num="35" count="21" type="stmt"/>
        <line num="36" count="21" type="stmt"/>
        <line num="40" count="46" type="stmt"/>
      </file>
      <file name="api.js" path="/Users/robertocostantino/myProjects/meet/src/api.js">
        <metrics statements="52" coveredstatements="11" conditionals="26" coveredconditionals="1" methods="7" coveredmethods="3"/>
        <line num="16" count="7" type="stmt"/>
        <line num="17" count="840" type="stmt"/>
        <line num="18" count="24" type="stmt"/>
        <line num="19" count="24" type="stmt"/>
        <line num="24" count="7" type="stmt"/>
        <line num="25" count="0" type="stmt"/>
        <line num="26" count="0" type="cond" truecount="0" falsecount="2"/>
        <line num="27" count="0" type="cond" truecount="0" falsecount="4"/>
        <line num="28" count="0" type="stmt"/>
        <line num="29" count="0" type="stmt"/>
        <line num="30" count="0" type="stmt"/>
        <line num="31" count="0" type="cond" truecount="0" falsecount="2"/>
        <line num="32" count="0" type="stmt"/>
        <line num="35" count="0" type="stmt"/>
        <line num="36" count="0" type="stmt"/>
        <line num="37" count="0" type="stmt"/>
        <line num="39" count="0" type="cond" truecount="0" falsecount="2"/>
        <line num="41" count="0" type="stmt"/>
        <line num="45" count="7" type="stmt"/>
        <line num="46" count="0" type="stmt"/>
        <line num="49" count="0" type="stmt"/>
        <line num="50" count="0" type="stmt"/>
        <line num="56" count="7" type="stmt"/>
        <line num="57" count="27" type="cond" truecount="1" falsecount="1"/>
        <line num="58" count="27" type="stmt"/>
        <line num="60" count="0" type="cond" truecount="0" falsecount="2"/>
        <line num="61" count="0" type="stmt"/>
        <line num="62" count="0" type="stmt"/>
        <line num="63" count="0" type="cond" truecount="0" falsecount="2"/>
        <line num="65" count="0" type="stmt"/>
        <line num="66" count="0" type="cond" truecount="0" falsecount="2"/>
        <line num="67" count="0" type="stmt"/>
        <line num="68" count="0" type="stmt"/>
        <line num="69" count="0" type="stmt"/>
        <line num="70" count="0" type="stmt"/>
        <line num="71" count="0" type="cond" truecount="0" falsecount="2"/>
        <line num="72" count="0" type="stmt"/>
        <line num="73" count="0" type="stmt"/>
        <line num="74" count="0" type="stmt"/>
        <line num="75" count="0" type="stmt"/>
        <line num="79" count="7" type="stmt"/>
        <line num="81" count="0" type="cond" truecount="0" falsecount="4"/>
        <line num="82" count="0" type="stmt"/>
        <line num="87" count="0" type="stmt"/>
        <line num="89" count="0" type="stmt"/>
        <line num="90" count="0" type="stmt"/>
        <line num="94" count="7" type="stmt"/>
        <line num="95" count="0" type="stmt"/>
        <line num="96" count="0" type="stmt"/>
        <line num="99" count="0" type="stmt"/>
        <line num="100" count="0" type="cond" truecount="0" falsecount="2"/>
        <line num="103" count="0" type="stmt"/>
      </file>
      <file name="mock-data.js" path="/Users/robertocostantino/myProjects/meet/src/mock-data.js">
        <metrics statements="1" coveredstatements="1" conditionals="0" coveredconditionals="0" methods="0" coveredmethods="0"/>
        <line num="1" count="8" type="stmt"/>
      </file>
    </package>
    <package name="src.components">
      <metrics statements="91" coveredstatements="79" conditionals="21" coveredconditionals="15" methods="32" coveredmethods="29"/>
      <file name="Alert.jsx" path="/Users/robertocostantino/myProjects/meet/src/components/Alert.jsx">
        <metrics statements="15" coveredstatements="9" conditionals="0" coveredconditionals="0" methods="6" coveredmethods="4"/>
        <line num="6" count="2" type="stmt"/>
        <line num="7" count="2" type="stmt"/>
        <line num="8" count="2" type="stmt"/>
        <line num="11" count="2" type="stmt"/>
        <line num="12" count="3" type="stmt"/>
        <line num="28" count="3" type="stmt"/>
        <line num="39" count="0" type="stmt"/>
        <line num="40" count="0" type="stmt"/>
        <line num="41" count="0" type="stmt"/>
        <line num="47" count="2" type="stmt"/>
        <line num="48" count="2" type="stmt"/>
        <line num="49" count="2" type="stmt"/>
        <line num="55" count="0" type="stmt"/>
        <line num="56" count="0" type="stmt"/>
        <line num="57" count="0" type="stmt"/>
      </file>
      <file name="CityEventsChart.jsx" path="/Users/robertocostantino/myProjects/meet/src/components/CityEventsChart.jsx">
        <metrics statements="11" coveredstatements="11" conditionals="0" coveredconditionals="0" methods="5" coveredmethods="5"/>
        <line num="4" count="7" type="stmt"/>
        <line num="5" count="73" type="stmt"/>
        <line num="6" count="73" type="stmt"/>
        <line num="7" count="33" type="stmt"/>
        <line num="10" count="73" type="stmt"/>
        <line num="11" count="33" type="stmt"/>
        <line num="12" count="880" type="stmt"/>
        <line num="13" count="36" type="stmt"/>
        <line num="14" count="36" type="stmt"/>
        <line num="16" count="33" type="stmt"/>
        <line num="19" count="73" type="stmt"/>
      </file>
      <file name="CitySearch.jsx" path="/Users/robertocostantino/myProjects/meet/src/components/CitySearch.jsx">
        <metrics statements="25" coveredstatements="24" conditionals="6" coveredconditionals="4" methods="7" coveredmethods="7"/>
        <line num="6" count="7" type="stmt"/>
        <line num="7" count="119" type="stmt"/>
        <line num="8" count="119" type="stmt"/>
        <line num="9" count="119" type="stmt"/>
        <line num="11" count="119" type="stmt"/>
        <line num="12" count="30" type="stmt"/>
        <line num="13" count="30" type="cond" truecount="1" falsecount="1"/>
        <line num="14" count="60" type="stmt"/>
        <line num="16" count="30" type="stmt"/>
        <line num="17" count="30" type="stmt"/>
        <line num="20" count="30" type="cond" truecount="1" falsecount="1"/>
        <line num="21" count="0" type="stmt"/>
        <line num="23" count="30" type="stmt"/>
        <line num="25" count="30" type="stmt"/>
        <line num="28" count="119" type="stmt"/>
        <line num="29" count="3" type="stmt"/>
        <line num="30" count="3" type="stmt"/>
        <line num="31" count="3" type="stmt"/>
        <line num="32" count="3" type="stmt"/>
        <line num="33" count="3" type="stmt"/>
        <line num="36" count="119" type="stmt"/>
        <line num="37" count="34" type="stmt"/>
        <line num="40" count="119" type="stmt"/>
        <line num="47" count="7" type="stmt"/>
        <line num="53" count="42" type="stmt"/>
      </file>
      <file name="Event.jsx" path="/Users/robertocostantino/myProjects/meet/src/components/Event.jsx">
        <metrics statements="7" coveredstatements="7" conditionals="4" coveredconditionals="4" methods="2" coveredmethods="2"/>
        <line num="5" count="8" type="stmt"/>
        <line num="6" count="613" type="stmt"/>
        <line num="7" count="613" type="stmt"/>
        <line num="8" count="613" type="stmt"/>
        <line num="18" count="613" type="stmt"/>
        <line num="20" count="613" type="stmt"/>
        <line num="26" count="1" type="stmt"/>
      </file>
      <file name="EventGenreChart.jsx" path="/Users/robertocostantino/myProjects/meet/src/components/EventGenreChart.jsx">
        <metrics statements="19" coveredstatements="14" conditionals="4" coveredconditionals="0" methods="7" coveredmethods="6"/>
        <line num="5" count="7" type="stmt"/>
        <line num="6" count="73" type="stmt"/>
        <line num="7" count="73" type="stmt"/>
        <line num="8" count="73" type="stmt"/>
        <line num="10" count="73" type="stmt"/>
        <line num="11" count="0" type="stmt"/>
        <line num="12" count="0" type="stmt"/>
        <line num="13" count="0" type="stmt"/>
        <line num="14" count="0" type="stmt"/>
        <line num="15" count="0" type="cond" truecount="0" falsecount="2"/>
        <line num="28" count="73" type="stmt"/>
        <line num="29" count="33" type="stmt"/>
        <line num="32" count="73" type="stmt"/>
        <line num="33" count="33" type="stmt"/>
        <line num="34" count="2200" type="stmt"/>
        <line num="35" count="165" type="stmt"/>
        <line num="40" count="33" type="stmt"/>
        <line num="43" count="73" type="stmt"/>
        <line num="55" count="290" type="stmt"/>
      </file>
      <file name="EventList.jsx" path="/Users/robertocostantino/myProjects/meet/src/components/EventList.jsx">
        <metrics statements="3" coveredstatements="3" conditionals="2" coveredconditionals="2" methods="2" coveredmethods="2"/>
        <line num="4" count="7" type="stmt"/>
        <line num="5" count="42" type="stmt"/>
        <line num="8" count="605" type="stmt"/>
      </file>
      <file name="NumberOfEvents.jsx" path="/Users/robertocostantino/myProjects/meet/src/components/NumberOfEvents.jsx">
        <metrics statements="11" coveredstatements="11" conditionals="5" coveredconditionals="5" methods="3" coveredmethods="3"/>
        <line num="5" count="7" type="stmt"/>
        <line num="6" count="52" type="stmt"/>
        <line num="9" count="52" type="stmt"/>
        <line num="11" count="27" type="cond" truecount="5" falsecount="0"/>
        <line num="12" count="3" type="stmt"/>
        <line num="13" count="3" type="stmt"/>
        <line num="15" count="24" type="stmt"/>
        <line num="16" count="24" type="stmt"/>
        <line num="18" count="27" type="stmt"/>
        <line num="29" count="52" type="stmt"/>
        <line num="36" count="9" type="stmt"/>
      </file>
    </package>
  </project>
</coverage>
