<?xml version="1.0" encoding="UTF-8"?>
<coverage generated="1750340828585" clover="3.2.0">
  <project timestamp="1750340828585" name="All files">
    <metrics statements="36" coveredstatements="35" conditionals="10" coveredconditionals="7" methods="16" coveredmethods="15" elements="62" coveredelements="57" complexity="0" loc="36" ncloc="36" packages="2" files="7" classes="7"/>
    <package name="src">
      <metrics statements="8" coveredstatements="8" conditionals="0" coveredconditionals="0" methods="4" coveredmethods="4"/>
      <file name="App.jsx" path="/Users/robertocostantino/myProjects/meet/src/App.jsx">
        <metrics statements="1" coveredstatements="1" conditionals="0" coveredconditionals="0" methods="1" coveredmethods="1"/>
        <line num="8" count="3" type="stmt"/>
      </file>
      <file name="api.js" path="/Users/robertocostantino/myProjects/meet/src/api.js">
        <metrics statements="6" coveredstatements="6" conditionals="0" coveredconditionals="0" methods="3" coveredmethods="3"/>
        <line num="15" count="2" type="stmt"/>
        <line num="16" count="70" type="stmt"/>
        <line num="17" count="2" type="stmt"/>
        <line num="18" count="2" type="stmt"/>
        <line num="26" count="2" type="stmt"/>
        <line num="27" count="3" type="stmt"/>
      </file>
      <file name="mock-data.js" path="/Users/robertocostantino/myProjects/meet/src/mock-data.js">
        <metrics statements="1" coveredstatements="1" conditionals="0" coveredconditionals="0" methods="0" coveredmethods="0"/>
        <line num="1" count="3" type="stmt"/>
      </file>
    </package>
    <package name="src.components">
      <metrics statements="28" coveredstatements="27" conditionals="10" coveredconditionals="7" methods="12" coveredmethods="11"/>
      <file name="CitySearch.jsx" path="/Users/robertocostantino/myProjects/meet/src/components/CitySearch.jsx">
        <metrics statements="17" coveredstatements="17" conditionals="4" coveredconditionals="3" methods="6" coveredmethods="6"/>
        <line num="6" count="2" type="stmt"/>
        <line num="7" count="26" type="stmt"/>
        <line num="8" count="26" type="stmt"/>
        <line num="9" count="26" type="stmt"/>
        <line num="11" count="26" type="stmt"/>
        <line num="12" count="12" type="stmt"/>
        <line num="13" count="12" type="cond" truecount="1" falsecount="1"/>
        <line num="14" count="24" type="stmt"/>
        <line num="18" count="12" type="stmt"/>
        <line num="19" count="12" type="stmt"/>
        <line num="22" count="26" type="stmt"/>
        <line num="23" count="1" type="stmt"/>
        <line num="24" count="1" type="stmt"/>
        <line num="25" count="1" type="stmt"/>
        <line num="28" count="26" type="stmt"/>
        <line num="35" count="3" type="stmt"/>
        <line num="41" count="12" type="stmt"/>
      </file>
      <file name="Event.jsx" path="/Users/robertocostantino/myProjects/meet/src/components/Event.jsx">
        <metrics statements="4" coveredstatements="3" conditionals="4" coveredconditionals="2" methods="2" coveredmethods="1"/>
        <line num="5" count="3" type="stmt"/>
        <line num="6" count="42" type="stmt"/>
        <line num="7" count="42" type="stmt"/>
        <line num="13" count="0" type="stmt"/>
      </file>
      <file name="EventList.jsx" path="/Users/robertocostantino/myProjects/meet/src/components/EventList.jsx">
        <metrics statements="3" coveredstatements="3" conditionals="2" coveredconditionals="2" methods="2" coveredmethods="2"/>
        <line num="4" count="2" type="stmt"/>
        <line num="5" count="5" type="stmt"/>
        <line num="8" count="35" type="stmt"/>
      </file>
      <file name="NumberOfEvents.jsx" path="/Users/robertocostantino/myProjects/meet/src/components/NumberOfEvents.jsx">
        <metrics statements="4" coveredstatements="4" conditionals="0" coveredconditionals="0" methods="2" coveredmethods="2"/>
        <line num="3" count="2" type="stmt"/>
        <line num="4" count="9" type="stmt"/>
        <line num="5" count="9" type="stmt"/>
        <line num="12" count="3" type="stmt"/>
      </file>
    </package>
  </project>
</coverage>
