{"/Users/robertocostantino/myProjects/meet/src/App.jsx": {"path":"/Users/robertocostantino/myProjects/meet/src/App.jsx","statementMap":{"0":{"start":{"line":9,"column":30},"end":{"line":9,"column":42}},"1":{"start":{"line":10,"column":38},"end":{"line":10,"column":50}},"2":{"start":{"line":11,"column":42},"end":{"line":11,"column":54}},"3":{"start":{"line":12,"column":40},"end":{"line":12,"column":66}},"4":{"start":{"line":15,"column":21},"end":{"line":22,"column":2}},"5":{"start":{"line":16,"column":21},"end":{"line":16,"column":38}},"6":{"start":{"line":17,"column":26},"end":{"line":19,"column":62}},"7":{"start":{"line":19,"column":31},"end":{"line":19,"column":61}},"8":{"start":{"line":20,"column":3},"end":{"line":20,"column":50}},"9":{"start":{"line":21,"column":3},"end":{"line":21,"column":48}},"10":{"start":{"line":23,"column":2},"end":{"line":25,"column":19}},"11":{"start":{"line":24,"column":3},"end":{"line":24,"column":15}},"12":{"start":{"line":29,"column":2},"end":{"line":35,"column":3}}},"fnMap":{"0":{"name":"App","decl":{"start":{"line":8,"column":9},"end":{"line":8,"column":12}},"loc":{"start":{"line":8,"column":15},"end":{"line":36,"column":1}},"line":8},"1":{"name":"(anonymous_1)","decl":{"start":{"line":15,"column":21},"end":{"line":15,"column":22}},"loc":{"start":{"line":15,"column":33},"end":{"line":22,"column":2}},"line":15},"2":{"name":"(anonymous_2)","decl":{"start":{"line":19,"column":22},"end":{"line":19,"column":23}},"loc":{"start":{"line":19,"column":31},"end":{"line":19,"column":61}},"line":19},"3":{"name":"(anonymous_3)","decl":{"start":{"line":23,"column":12},"end":{"line":23,"column":13}},"loc":{"start":{"line":23,"column":18},"end":{"line":25,"column":2}},"line":23}},"branchMap":{"0":{"loc":{"start":{"line":17,"column":26},"end":{"line":19,"column":62}},"type":"cond-expr","locations":[{"start":{"line":18,"column":5},"end":{"line":18,"column":14}},{"start":{"line":19,"column":5},"end":{"line":19,"column":62}}],"line":17}},"s":{"0":12,"1":11,"2":11,"3":11,"4":11,"5":7,"6":7,"7":35,"8":7,"9":7,"10":11,"11":7,"12":11},"f":{"0":12,"1":7,"2":35,"3":7},"b":{"0":[6,1]},"_coverageSchema":"1a1c01bbd47fc00a2c39e90264f33305004495a9","hash":"69f4fe7c4e6dd95279cb3f4f726bc52b13b52131"}
,"/Users/robertocostantino/myProjects/meet/src/api.js": {"path":"/Users/robertocostantino/myProjects/meet/src/api.js","statementMap":{"0":{"start":{"line":15,"column":32},"end":{"line":19,"column":1}},"1":{"start":{"line":16,"column":29},"end":{"line":16,"column":66}},"2":{"start":{"line":16,"column":51},"end":{"line":16,"column":65}},"3":{"start":{"line":17,"column":20},"end":{"line":17,"column":52}},"4":{"start":{"line":18,"column":2},"end":{"line":18,"column":19}},"5":{"start":{"line":26,"column":25},"end":{"line":28,"column":1}},"6":{"start":{"line":27,"column":2},"end":{"line":27,"column":18}}},"fnMap":{"0":{"name":"(anonymous_0)","decl":{"start":{"line":15,"column":32},"end":{"line":15,"column":33}},"loc":{"start":{"line":15,"column":44},"end":{"line":19,"column":1}},"line":15},"1":{"name":"(anonymous_1)","decl":{"start":{"line":16,"column":40},"end":{"line":16,"column":41}},"loc":{"start":{"line":16,"column":51},"end":{"line":16,"column":65}},"line":16},"2":{"name":"(anonymous_2)","decl":{"start":{"line":26,"column":25},"end":{"line":26,"column":26}},"loc":{"start":{"line":26,"column":37},"end":{"line":28,"column":1}},"line":26}},"branchMap":{},"s":{"0":3,"1":10,"2":350,"3":10,"4":10,"5":3,"6":12},"f":{"0":10,"1":350,"2":12},"b":{},"_coverageSchema":"1a1c01bbd47fc00a2c39e90264f33305004495a9","hash":"8ed1f29e3c78e503a82ee4867689a5e6353c7e05"}
,"/Users/robertocostantino/myProjects/meet/src/mock-data.js": {"path":"/Users/robertocostantino/myProjects/meet/src/mock-data.js","statementMap":{"0":{"start":{"line":1,"column":17},"end":{"line":1367,"column":2}}},"fnMap":{},"branchMap":{},"s":{"0":4},"f":{},"b":{},"_coverageSchema":"1a1c01bbd47fc00a2c39e90264f33305004495a9","hash":"bfa018dfad376ef01432fe34462d9abbf1a5df16"}
,"/Users/robertocostantino/myProjects/meet/src/components/CitySearch.jsx": {"path":"/Users/robertocostantino/myProjects/meet/src/components/CitySearch.jsx","statementMap":{"0":{"start":{"line":6,"column":19},"end":{"line":56,"column":1}},"1":{"start":{"line":7,"column":48},"end":{"line":7,"column":63}},"2":{"start":{"line":8,"column":28},"end":{"line":8,"column":40}},"3":{"start":{"line":9,"column":40},"end":{"line":9,"column":52}},"4":{"start":{"line":11,"column":29},"end":{"line":20,"column":1}},"5":{"start":{"line":12,"column":16},"end":{"line":12,"column":34}},"6":{"start":{"line":13,"column":28},"end":{"line":15,"column":9}},"7":{"start":{"line":14,"column":4},"end":{"line":14,"column":68}},"8":{"start":{"line":18,"column":2},"end":{"line":18,"column":18}},"9":{"start":{"line":19,"column":2},"end":{"line":19,"column":36}},"10":{"start":{"line":22,"column":26},"end":{"line":27,"column":3}},"11":{"start":{"line":23,"column":18},"end":{"line":23,"column":42}},"12":{"start":{"line":24,"column":4},"end":{"line":24,"column":20}},"13":{"start":{"line":25,"column":4},"end":{"line":25,"column":30}},"14":{"start":{"line":26,"column":4},"end":{"line":26,"column":25}},"15":{"start":{"line":29,"column":4},"end":{"line":31,"column":25}},"16":{"start":{"line":30,"column":3},"end":{"line":30,"column":32}},"17":{"start":{"line":33,"column":2},"end":{"line":55,"column":2}},"18":{"start":{"line":40,"column":23},"end":{"line":40,"column":47}},"19":{"start":{"line":46,"column":12},"end":{"line":46,"column":85}}},"fnMap":{"0":{"name":"(anonymous_0)","decl":{"start":{"line":6,"column":19},"end":{"line":6,"column":20}},"loc":{"start":{"line":6,"column":55},"end":{"line":56,"column":1}},"line":6},"1":{"name":"(anonymous_1)","decl":{"start":{"line":11,"column":29},"end":{"line":11,"column":30}},"loc":{"start":{"line":11,"column":40},"end":{"line":20,"column":1}},"line":11},"2":{"name":"(anonymous_2)","decl":{"start":{"line":13,"column":63},"end":{"line":13,"column":64}},"loc":{"start":{"line":13,"column":77},"end":{"line":15,"column":3}},"line":13},"3":{"name":"(anonymous_3)","decl":{"start":{"line":22,"column":26},"end":{"line":22,"column":27}},"loc":{"start":{"line":22,"column":37},"end":{"line":27,"column":3}},"line":22},"4":{"name":"(anonymous_4)","decl":{"start":{"line":29,"column":14},"end":{"line":29,"column":15}},"loc":{"start":{"line":29,"column":20},"end":{"line":31,"column":2}},"line":29},"5":{"name":"(anonymous_5)","decl":{"start":{"line":40,"column":17},"end":{"line":40,"column":18}},"loc":{"start":{"line":40,"column":23},"end":{"line":40,"column":47}},"line":40},"6":{"name":"(anonymous_6)","decl":{"start":{"line":45,"column":27},"end":{"line":45,"column":28}},"loc":{"start":{"line":45,"column":43},"end":{"line":47,"column":11}},"line":45}},"branchMap":{"0":{"loc":{"start":{"line":13,"column":28},"end":{"line":15,"column":9}},"type":"cond-expr","locations":[{"start":{"line":13,"column":43},"end":{"line":15,"column":4}},{"start":{"line":15,"column":7},"end":{"line":15,"column":9}}],"line":13},"1":{"loc":{"start":{"line":43,"column":7},"end":{"line":52,"column":14}},"type":"cond-expr","locations":[{"start":{"line":44,"column":8},"end":{"line":51,"column":13}},{"start":{"line":52,"column":10},"end":{"line":52,"column":14}}],"line":43}},"s":{"0":3,"1":58,"2":58,"3":58,"4":58,"5":18,"6":18,"7":36,"8":18,"9":18,"10":58,"11":2,"12":2,"13":2,"14":2,"15":58,"16":16,"17":58,"18":5,"19":26},"f":{"0":58,"1":18,"2":36,"3":2,"4":16,"5":5,"6":26},"b":{"0":[18,0],"1":[24,34]},"_coverageSchema":"1a1c01bbd47fc00a2c39e90264f33305004495a9","hash":"460ea4a5795fb1cb6726602b509c6fc70df1236a"}
,"/Users/robertocostantino/myProjects/meet/src/components/Event.jsx": {"path":"/Users/robertocostantino/myProjects/meet/src/components/Event.jsx","statementMap":{"0":{"start":{"line":5,"column":14},"end":{"line":31,"column":1}},"1":{"start":{"line":6,"column":40},"end":{"line":6,"column":55}},"2":{"start":{"line":7,"column":2},"end":{"line":30,"column":4}},"3":{"start":{"line":13,"column":54},"end":{"line":13,"column":82}}},"fnMap":{"0":{"name":"(anonymous_0)","decl":{"start":{"line":5,"column":14},"end":{"line":5,"column":15}},"loc":{"start":{"line":5,"column":27},"end":{"line":31,"column":1}},"line":5},"1":{"name":"(anonymous_1)","decl":{"start":{"line":13,"column":48},"end":{"line":13,"column":49}},"loc":{"start":{"line":13,"column":54},"end":{"line":13,"column":82}},"line":13}},"branchMap":{"0":{"loc":{"start":{"line":14,"column":9},"end":{"line":14,"column":54}},"type":"cond-expr","locations":[{"start":{"line":14,"column":23},"end":{"line":14,"column":37}},{"start":{"line":14,"column":40},"end":{"line":14,"column":54}}],"line":14},"1":{"loc":{"start":{"line":16,"column":7},"end":{"line":28,"column":7}},"type":"binary-expr","locations":[{"start":{"line":16,"column":7},"end":{"line":16,"column":18}},{"start":{"line":17,"column":8},"end":{"line":27,"column":14}}],"line":16}},"s":{"0":4,"1":187,"2":187,"3":0},"f":{"0":187,"1":0},"b":{"0":[0,187],"1":[187,0]},"_coverageSchema":"1a1c01bbd47fc00a2c39e90264f33305004495a9","hash":"6c010b910927c9ef9bae2c2ebc3bd9ff29e947f0"}
,"/Users/robertocostantino/myProjects/meet/src/components/EventList.jsx": {"path":"/Users/robertocostantino/myProjects/meet/src/components/EventList.jsx","statementMap":{"0":{"start":{"line":4,"column":18},"end":{"line":12,"column":1}},"1":{"start":{"line":5,"column":1},"end":{"line":11,"column":3}},"2":{"start":{"line":8,"column":27},"end":{"line":8,"column":65}}},"fnMap":{"0":{"name":"(anonymous_0)","decl":{"start":{"line":4,"column":18},"end":{"line":4,"column":19}},"loc":{"start":{"line":4,"column":34},"end":{"line":12,"column":1}},"line":4},"1":{"name":"(anonymous_1)","decl":{"start":{"line":8,"column":18},"end":{"line":8,"column":19}},"loc":{"start":{"line":8,"column":27},"end":{"line":8,"column":65}},"line":8}},"branchMap":{"0":{"loc":{"start":{"line":7,"column":6},"end":{"line":9,"column":11}},"type":"cond-expr","locations":[{"start":{"line":8,"column":7},"end":{"line":8,"column":66}},{"start":{"line":9,"column":7},"end":{"line":9,"column":11}}],"line":7}},"s":{"0":3,"1":13,"2":180},"f":{"0":13,"1":180},"b":{"0":[12,1]},"_coverageSchema":"1a1c01bbd47fc00a2c39e90264f33305004495a9","hash":"2995deb9418edc4b18c4c4d8d6ee723b14e1da9a"}
,"/Users/robertocostantino/myProjects/meet/src/components/NumberOfEvents.jsx": {"path":"/Users/robertocostantino/myProjects/meet/src/components/NumberOfEvents.jsx","statementMap":{"0":{"start":{"line":3,"column":23},"end":{"line":16,"column":1}},"1":{"start":{"line":4,"column":44},"end":{"line":4,"column":56}},"2":{"start":{"line":5,"column":0},"end":{"line":15,"column":1}},"3":{"start":{"line":12,"column":27},"end":{"line":12,"column":58}}},"fnMap":{"0":{"name":"(anonymous_0)","decl":{"start":{"line":3,"column":23},"end":{"line":3,"column":24}},"loc":{"start":{"line":3,"column":29},"end":{"line":16,"column":1}},"line":3},"1":{"name":"(anonymous_1)","decl":{"start":{"line":12,"column":22},"end":{"line":12,"column":23}},"loc":{"start":{"line":12,"column":27},"end":{"line":12,"column":58}},"line":12}},"branchMap":{},"s":{"0":4,"1":17,"2":17,"3":3},"f":{"0":17,"1":3},"b":{},"_coverageSchema":"1a1c01bbd47fc00a2c39e90264f33305004495a9","hash":"8d44e27bbbe1abe590aec130af3ec1a003ce254e"}
}
