{"/Users/robertocostantino/myProjects/meet/src/App.jsx": {"path":"/Users/robertocostantino/myProjects/meet/src/App.jsx","statementMap":{"0":{"start":{"line":11,"column":30},"end":{"line":11,"column":42}},"1":{"start":{"line":12,"column":38},"end":{"line":12,"column":50}},"2":{"start":{"line":13,"column":42},"end":{"line":13,"column":54}},"3":{"start":{"line":14,"column":40},"end":{"line":14,"column":66}},"4":{"start":{"line":15,"column":36},"end":{"line":15,"column":48}},"5":{"start":{"line":16,"column":38},"end":{"line":16,"column":50}},"6":{"start":{"line":17,"column":42},"end":{"line":17,"column":54}},"7":{"start":{"line":20,"column":21},"end":{"line":27,"column":2}},"8":{"start":{"line":21,"column":21},"end":{"line":21,"column":38}},"9":{"start":{"line":22,"column":26},"end":{"line":24,"column":62}},"10":{"start":{"line":24,"column":31},"end":{"line":24,"column":61}},"11":{"start":{"line":25,"column":3},"end":{"line":25,"column":50}},"12":{"start":{"line":26,"column":3},"end":{"line":26,"column":48}},"13":{"start":{"line":28,"column":2},"end":{"line":37,"column":31}},"14":{"start":{"line":30,"column":4},"end":{"line":34,"column":5}},"15":{"start":{"line":31,"column":6},"end":{"line":31,"column":19}},"16":{"start":{"line":33,"column":6},"end":{"line":33,"column":85}},"17":{"start":{"line":35,"column":4},"end":{"line":35,"column":29}},"18":{"start":{"line":36,"column":4},"end":{"line":36,"column":16}},"19":{"start":{"line":40,"column":2},"end":{"line":69,"column":3}}},"fnMap":{"0":{"name":"App","decl":{"start":{"line":10,"column":9},"end":{"line":10,"column":12}},"loc":{"start":{"line":10,"column":15},"end":{"line":70,"column":1}},"line":10},"1":{"name":"(anonymous_1)","decl":{"start":{"line":20,"column":21},"end":{"line":20,"column":22}},"loc":{"start":{"line":20,"column":33},"end":{"line":27,"column":2}},"line":20},"2":{"name":"(anonymous_2)","decl":{"start":{"line":24,"column":22},"end":{"line":24,"column":23}},"loc":{"start":{"line":24,"column":31},"end":{"line":24,"column":61}},"line":24},"3":{"name":"(anonymous_3)","decl":{"start":{"line":28,"column":12},"end":{"line":28,"column":13}},"loc":{"start":{"line":28,"column":18},"end":{"line":37,"column":2}},"line":28}},"branchMap":{"0":{"loc":{"start":{"line":22,"column":26},"end":{"line":24,"column":62}},"type":"cond-expr","locations":[{"start":{"line":23,"column":5},"end":{"line":23,"column":14}},{"start":{"line":24,"column":5},"end":{"line":24,"column":62}}],"line":22},"1":{"loc":{"start":{"line":30,"column":4},"end":{"line":34,"column":5}},"type":"if","locations":[{"start":{"line":30,"column":4},"end":{"line":34,"column":5}},{"start":{"line":32,"column":11},"end":{"line":34,"column":5}}],"line":30},"2":{"loc":{"start":{"line":43,"column":8},"end":{"line":43,"column":63}},"type":"cond-expr","locations":[{"start":{"line":43,"column":27},"end":{"line":43,"column":56}},{"start":{"line":43,"column":59},"end":{"line":43,"column":63}}],"line":43},"3":{"loc":{"start":{"line":44,"column":8},"end":{"line":44,"column":66}},"type":"cond-expr","locations":[{"start":{"line":44,"column":28},"end":{"line":44,"column":59}},{"start":{"line":44,"column":62},"end":{"line":44,"column":66}}],"line":44},"4":{"loc":{"start":{"line":45,"column":8},"end":{"line":45,"column":72}},"type":"cond-expr","locations":[{"start":{"line":45,"column":30},"end":{"line":45,"column":65}},{"start":{"line":45,"column":68},"end":{"line":45,"column":72}}],"line":45}},"s":{"0":50,"1":46,"2":46,"3":46,"4":46,"5":46,"6":46,"7":46,"8":21,"9":21,"10":70,"11":21,"12":21,"13":46,"14":21,"15":21,"16":0,"17":21,"18":21,"19":46},"f":{"0":50,"1":21,"2":70,"3":21},"b":{"0":[19,2],"1":[21,0],"2":[0,46],"3":[3,43],"4":[0,46]},"_coverageSchema":"1a1c01bbd47fc00a2c39e90264f33305004495a9","hash":"233b28a2933b397c98fe1ef18052af37b5f36efa"}
,"/Users/robertocostantino/myProjects/meet/src/api.js": {"path":"/Users/robertocostantino/myProjects/meet/src/api.js","statementMap":{"0":{"start":{"line":16,"column":32},"end":{"line":20,"column":1}},"1":{"start":{"line":17,"column":29},"end":{"line":17,"column":66}},"2":{"start":{"line":17,"column":51},"end":{"line":17,"column":65}},"3":{"start":{"line":18,"column":20},"end":{"line":18,"column":52}},"4":{"start":{"line":19,"column":2},"end":{"line":19,"column":19}},"5":{"start":{"line":24,"column":30},"end":{"line":43,"column":1}},"6":{"start":{"line":25,"column":22},"end":{"line":25,"column":58}},"7":{"start":{"line":26,"column":21},"end":{"line":26,"column":67}},"8":{"start":{"line":27,"column":1},"end":{"line":40,"column":2}},"9":{"start":{"line":28,"column":3},"end":{"line":28,"column":49}},"10":{"start":{"line":29,"column":24},"end":{"line":29,"column":67}},"11":{"start":{"line":30,"column":16},"end":{"line":30,"column":46}},"12":{"start":{"line":31,"column":3},"end":{"line":38,"column":4}},"13":{"start":{"line":32,"column":22},"end":{"line":34,"column":6}},"14":{"start":{"line":35,"column":20},"end":{"line":35,"column":41}},"15":{"start":{"line":36,"column":25},"end":{"line":36,"column":31}},"16":{"start":{"line":37,"column":5},"end":{"line":37,"column":45}},"17":{"start":{"line":39,"column":3},"end":{"line":39,"column":33}},"18":{"start":{"line":41,"column":1},"end":{"line":41,"column":20}},"19":{"start":{"line":45,"column":19},"end":{"line":51,"column":1}},"20":{"start":{"line":46,"column":18},"end":{"line":48,"column":2}},"21":{"start":{"line":49,"column":16},"end":{"line":49,"column":37}},"22":{"start":{"line":50,"column":1},"end":{"line":50,"column":15}},"23":{"start":{"line":56,"column":25},"end":{"line":77,"column":1}},"24":{"start":{"line":57,"column":2},"end":{"line":59,"column":2}},"25":{"start":{"line":58,"column":3},"end":{"line":58,"column":19}},"26":{"start":{"line":60,"column":1},"end":{"line":64,"column":2}},"27":{"start":{"line":61,"column":18},"end":{"line":61,"column":52}},"28":{"start":{"line":62,"column":3},"end":{"line":62,"column":20}},"29":{"start":{"line":63,"column":3},"end":{"line":63,"column":39}},"30":{"start":{"line":65,"column":15},"end":{"line":65,"column":37}},"31":{"start":{"line":66,"column":1},"end":{"line":76,"column":2}},"32":{"start":{"line":67,"column":3},"end":{"line":67,"column":17}},"33":{"start":{"line":68,"column":16},"end":{"line":68,"column":108}},"34":{"start":{"line":69,"column":20},"end":{"line":69,"column":36}},"35":{"start":{"line":70,"column":18},"end":{"line":70,"column":39}},"36":{"start":{"line":71,"column":3},"end":{"line":75,"column":21}},"37":{"start":{"line":72,"column":4},"end":{"line":72,"column":21}},"38":{"start":{"line":73,"column":4},"end":{"line":73,"column":70}},"39":{"start":{"line":74,"column":4},"end":{"line":74,"column":25}},"40":{"start":{"line":75,"column":9},"end":{"line":75,"column":21}},"41":{"start":{"line":79,"column":20},"end":{"line":92,"column":1}},"42":{"start":{"line":81,"column":1},"end":{"line":91,"column":2}},"43":{"start":{"line":82,"column":3},"end":{"line":86,"column":30}},"44":{"start":{"line":87,"column":3},"end":{"line":87,"column":44}},"45":{"start":{"line":89,"column":3},"end":{"line":89,"column":67}},"46":{"start":{"line":90,"column":3},"end":{"line":90,"column":44}},"47":{"start":{"line":94,"column":17},"end":{"line":104,"column":1}},"48":{"start":{"line":95,"column":20},"end":{"line":95,"column":44}},"49":{"start":{"line":96,"column":18},"end":{"line":98,"column":2}},"50":{"start":{"line":99,"column":26},"end":{"line":99,"column":47}},"51":{"start":{"line":100,"column":1},"end":{"line":100,"column":68}},"52":{"start":{"line":103,"column":1},"end":{"line":103,"column":21}}},"fnMap":{"0":{"name":"(anonymous_0)","decl":{"start":{"line":16,"column":32},"end":{"line":16,"column":33}},"loc":{"start":{"line":16,"column":44},"end":{"line":20,"column":1}},"line":16},"1":{"name":"(anonymous_1)","decl":{"start":{"line":17,"column":40},"end":{"line":17,"column":41}},"loc":{"start":{"line":17,"column":51},"end":{"line":17,"column":65}},"line":17},"2":{"name":"(anonymous_2)","decl":{"start":{"line":24,"column":30},"end":{"line":24,"column":31}},"loc":{"start":{"line":24,"column":42},"end":{"line":43,"column":1}},"line":24},"3":{"name":"(anonymous_3)","decl":{"start":{"line":45,"column":19},"end":{"line":45,"column":20}},"loc":{"start":{"line":45,"column":42},"end":{"line":51,"column":1}},"line":45},"4":{"name":"(anonymous_4)","decl":{"start":{"line":56,"column":25},"end":{"line":56,"column":26}},"loc":{"start":{"line":56,"column":37},"end":{"line":77,"column":1}},"line":56},"5":{"name":"(anonymous_5)","decl":{"start":{"line":79,"column":20},"end":{"line":79,"column":21}},"loc":{"start":{"line":79,"column":26},"end":{"line":92,"column":1}},"line":79},"6":{"name":"(anonymous_6)","decl":{"start":{"line":94,"column":17},"end":{"line":94,"column":18}},"loc":{"start":{"line":94,"column":33},"end":{"line":104,"column":1}},"line":94}},"branchMap":{"0":{"loc":{"start":{"line":26,"column":21},"end":{"line":26,"column":67}},"type":"binary-expr","locations":[{"start":{"line":26,"column":21},"end":{"line":26,"column":32}},{"start":{"line":26,"column":37},"end":{"line":26,"column":66}}],"line":26},"1":{"loc":{"start":{"line":27,"column":1},"end":{"line":40,"column":2}},"type":"if","locations":[{"start":{"line":27,"column":1},"end":{"line":40,"column":2}},{"start":{},"end":{}}],"line":27},"2":{"loc":{"start":{"line":27,"column":5},"end":{"line":27,"column":37}},"type":"binary-expr","locations":[{"start":{"line":27,"column":5},"end":{"line":27,"column":17}},{"start":{"line":27,"column":21},"end":{"line":27,"column":37}}],"line":27},"3":{"loc":{"start":{"line":31,"column":3},"end":{"line":38,"column":4}},"type":"if","locations":[{"start":{"line":31,"column":3},"end":{"line":38,"column":4}},{"start":{},"end":{}}],"line":31},"4":{"loc":{"start":{"line":39,"column":10},"end":{"line":39,"column":32}},"type":"binary-expr","locations":[{"start":{"line":39,"column":10},"end":{"line":39,"column":14}},{"start":{"line":39,"column":18},"end":{"line":39,"column":32}}],"line":39},"5":{"loc":{"start":{"line":57,"column":2},"end":{"line":59,"column":2}},"type":"if","locations":[{"start":{"line":57,"column":2},"end":{"line":59,"column":2}},{"start":{},"end":{}}],"line":57},"6":{"loc":{"start":{"line":60,"column":1},"end":{"line":64,"column":2}},"type":"if","locations":[{"start":{"line":60,"column":1},"end":{"line":64,"column":2}},{"start":{},"end":{}}],"line":60},"7":{"loc":{"start":{"line":63,"column":10},"end":{"line":63,"column":38}},"type":"cond-expr","locations":[{"start":{"line":63,"column":17},"end":{"line":63,"column":35}},{"start":{"line":63,"column":36},"end":{"line":63,"column":38}}],"line":63},"8":{"loc":{"start":{"line":66,"column":1},"end":{"line":76,"column":2}},"type":"if","locations":[{"start":{"line":66,"column":1},"end":{"line":76,"column":2}},{"start":{},"end":{}}],"line":66},"9":{"loc":{"start":{"line":71,"column":3},"end":{"line":75,"column":21}},"type":"if","locations":[{"start":{"line":71,"column":3},"end":{"line":75,"column":21}},{"start":{"line":75,"column":9},"end":{"line":75,"column":21}}],"line":71},"10":{"loc":{"start":{"line":81,"column":1},"end":{"line":91,"column":2}},"type":"if","locations":[{"start":{"line":81,"column":1},"end":{"line":91,"column":2}},{"start":{"line":88,"column":8},"end":{"line":91,"column":2}}],"line":81},"11":{"loc":{"start":{"line":81,"column":5},"end":{"line":81,"column":57}},"type":"binary-expr","locations":[{"start":{"line":81,"column":5},"end":{"line":81,"column":29}},{"start":{"line":81,"column":33},"end":{"line":81,"column":57}}],"line":81},"12":{"loc":{"start":{"line":100,"column":1},"end":{"line":100,"column":67}},"type":"binary-expr","locations":[{"start":{"line":100,"column":1},"end":{"line":100,"column":13}},{"start":{"line":100,"column":17},"end":{"line":100,"column":67}}],"line":100}},"s":{"0":7,"1":24,"2":840,"3":24,"4":24,"5":7,"6":0,"7":0,"8":0,"9":0,"10":0,"11":0,"12":0,"13":0,"14":0,"15":0,"16":0,"17":0,"18":0,"19":7,"20":0,"21":0,"22":0,"23":7,"24":27,"25":27,"26":0,"27":0,"28":0,"29":0,"30":0,"31":0,"32":0,"33":0,"34":0,"35":0,"36":0,"37":0,"38":0,"39":0,"40":0,"41":7,"42":0,"43":0,"44":0,"45":0,"46":0,"47":7,"48":0,"49":0,"50":0,"51":0,"52":0},"f":{"0":24,"1":840,"2":0,"3":0,"4":27,"5":0,"6":0},"b":{"0":[0,0],"1":[0,0],"2":[0,0],"3":[0,0],"4":[0,0],"5":[27,0],"6":[0,0],"7":[0,0],"8":[0,0],"9":[0,0],"10":[0,0],"11":[0,0],"12":[0,0]},"_coverageSchema":"1a1c01bbd47fc00a2c39e90264f33305004495a9","hash":"27925dc8fe5d609b067e8fdb325f466976fb2799"}
,"/Users/robertocostantino/myProjects/meet/src/mock-data.js": {"path":"/Users/robertocostantino/myProjects/meet/src/mock-data.js","statementMap":{"0":{"start":{"line":1,"column":17},"end":{"line":1367,"column":2}}},"fnMap":{},"branchMap":{},"s":{"0":8},"f":{},"b":{},"_coverageSchema":"1a1c01bbd47fc00a2c39e90264f33305004495a9","hash":"bfa018dfad376ef01432fe34462d9abbf1a5df16"}
,"/Users/robertocostantino/myProjects/meet/src/components/Alert.jsx": {"path":"/Users/robertocostantino/myProjects/meet/src/components/Alert.jsx","statementMap":{"0":{"start":{"line":6,"column":8},"end":{"line":6,"column":21}},"1":{"start":{"line":7,"column":8},"end":{"line":7,"column":25}},"2":{"start":{"line":8,"column":8},"end":{"line":8,"column":27}},"3":{"start":{"line":11,"column":15},"end":{"line":25,"column":5}},"4":{"start":{"line":12,"column":8},"end":{"line":24,"column":9}},"5":{"start":{"line":28,"column":8},"end":{"line":33,"column":9}},"6":{"start":{"line":39,"column":8},"end":{"line":39,"column":21}},"7":{"start":{"line":40,"column":8},"end":{"line":40,"column":38}},"8":{"start":{"line":41,"column":8},"end":{"line":41,"column":44}},"9":{"start":{"line":47,"column":8},"end":{"line":47,"column":21}},"10":{"start":{"line":48,"column":8},"end":{"line":48,"column":38}},"11":{"start":{"line":49,"column":8},"end":{"line":49,"column":44}},"12":{"start":{"line":55,"column":8},"end":{"line":55,"column":21}},"13":{"start":{"line":56,"column":8},"end":{"line":56,"column":41}},"14":{"start":{"line":57,"column":8},"end":{"line":57,"column":44}}},"fnMap":{"0":{"name":"(anonymous_0)","decl":{"start":{"line":5,"column":4},"end":{"line":5,"column":5}},"loc":{"start":{"line":5,"column":23},"end":{"line":9,"column":5}},"line":5},"1":{"name":"(anonymous_1)","decl":{"start":{"line":11,"column":15},"end":{"line":11,"column":16}},"loc":{"start":{"line":11,"column":21},"end":{"line":25,"column":5}},"line":11},"2":{"name":"(anonymous_2)","decl":{"start":{"line":27,"column":4},"end":{"line":27,"column":5}},"loc":{"start":{"line":27,"column":14},"end":{"line":34,"column":5}},"line":27},"3":{"name":"(anonymous_3)","decl":{"start":{"line":38,"column":4},"end":{"line":38,"column":5}},"loc":{"start":{"line":38,"column":23},"end":{"line":42,"column":5}},"line":38},"4":{"name":"(anonymous_4)","decl":{"start":{"line":46,"column":4},"end":{"line":46,"column":5}},"loc":{"start":{"line":46,"column":23},"end":{"line":50,"column":5}},"line":46},"5":{"name":"(anonymous_5)","decl":{"start":{"line":54,"column":4},"end":{"line":54,"column":5}},"loc":{"start":{"line":54,"column":23},"end":{"line":58,"column":5}},"line":54}},"branchMap":{},"s":{"0":2,"1":2,"2":2,"3":2,"4":3,"5":3,"6":0,"7":0,"8":0,"9":2,"10":2,"11":2,"12":0,"13":0,"14":0},"f":{"0":2,"1":3,"2":3,"3":0,"4":2,"5":0},"b":{},"_coverageSchema":"1a1c01bbd47fc00a2c39e90264f33305004495a9","hash":"94b6abc2b7a6325a9a12fce133023b4da1bd9e83"}
,"/Users/robertocostantino/myProjects/meet/src/components/CityEventsChart.jsx": {"path":"/Users/robertocostantino/myProjects/meet/src/components/CityEventsChart.jsx","statementMap":{"0":{"start":{"line":4,"column":24},"end":{"line":37,"column":1}},"1":{"start":{"line":5,"column":26},"end":{"line":5,"column":38}},"2":{"start":{"line":6,"column":2},"end":{"line":8,"column":20}},"3":{"start":{"line":7,"column":4},"end":{"line":7,"column":23}},"4":{"start":{"line":10,"column":20},"end":{"line":17,"column":3}},"5":{"start":{"line":11,"column":17},"end":{"line":15,"column":6}},"6":{"start":{"line":12,"column":18},"end":{"line":12,"column":78}},"7":{"start":{"line":12,"column":43},"end":{"line":12,"column":70}},"8":{"start":{"line":13,"column":19},"end":{"line":13,"column":46}},"9":{"start":{"line":14,"column":6},"end":{"line":14,"column":29}},"10":{"start":{"line":16,"column":4},"end":{"line":16,"column":16}},"11":{"start":{"line":19,"column":2},"end":{"line":36,"column":4}}},"fnMap":{"0":{"name":"(anonymous_0)","decl":{"start":{"line":4,"column":24},"end":{"line":4,"column":25}},"loc":{"start":{"line":4,"column":52},"end":{"line":37,"column":1}},"line":4},"1":{"name":"(anonymous_1)","decl":{"start":{"line":6,"column":12},"end":{"line":6,"column":13}},"loc":{"start":{"line":6,"column":18},"end":{"line":8,"column":3}},"line":6},"2":{"name":"(anonymous_2)","decl":{"start":{"line":10,"column":20},"end":{"line":10,"column":21}},"loc":{"start":{"line":10,"column":26},"end":{"line":17,"column":3}},"line":10},"3":{"name":"(anonymous_3)","decl":{"start":{"line":11,"column":34},"end":{"line":11,"column":35}},"loc":{"start":{"line":11,"column":48},"end":{"line":15,"column":5}},"line":11},"4":{"name":"(anonymous_4)","decl":{"start":{"line":12,"column":32},"end":{"line":12,"column":33}},"loc":{"start":{"line":12,"column":43},"end":{"line":12,"column":70}},"line":12}},"branchMap":{},"s":{"0":7,"1":73,"2":73,"3":33,"4":73,"5":33,"6":36,"7":880,"8":36,"9":36,"10":33,"11":73},"f":{"0":73,"1":33,"2":33,"3":36,"4":880},"b":{},"_coverageSchema":"1a1c01bbd47fc00a2c39e90264f33305004495a9","hash":"1455134c227025ee5a5e785751a5607e118939ad"}
,"/Users/robertocostantino/myProjects/meet/src/components/CitySearch.jsx": {"path":"/Users/robertocostantino/myProjects/meet/src/components/CitySearch.jsx","statementMap":{"0":{"start":{"line":6,"column":19},"end":{"line":63,"column":1}},"1":{"start":{"line":7,"column":48},"end":{"line":7,"column":63}},"2":{"start":{"line":8,"column":28},"end":{"line":8,"column":40}},"3":{"start":{"line":9,"column":40},"end":{"line":9,"column":52}},"4":{"start":{"line":11,"column":29},"end":{"line":26,"column":3}},"5":{"start":{"line":12,"column":18},"end":{"line":12,"column":36}},"6":{"start":{"line":13,"column":30},"end":{"line":15,"column":11}},"7":{"start":{"line":14,"column":6},"end":{"line":14,"column":70}},"8":{"start":{"line":16,"column":4},"end":{"line":16,"column":20}},"9":{"start":{"line":17,"column":4},"end":{"line":17,"column":38}},"10":{"start":{"line":20,"column":4},"end":{"line":24,"column":5}},"11":{"start":{"line":21,"column":6},"end":{"line":21,"column":88}},"12":{"start":{"line":23,"column":6},"end":{"line":23,"column":19}},"13":{"start":{"line":25,"column":4},"end":{"line":25,"column":27}},"14":{"start":{"line":28,"column":28},"end":{"line":34,"column":3}},"15":{"start":{"line":29,"column":18},"end":{"line":29,"column":42}},"16":{"start":{"line":30,"column":4},"end":{"line":30,"column":20}},"17":{"start":{"line":31,"column":4},"end":{"line":31,"column":30}},"18":{"start":{"line":32,"column":4},"end":{"line":32,"column":26}},"19":{"start":{"line":33,"column":4},"end":{"line":33,"column":21}},"20":{"start":{"line":36,"column":2},"end":{"line":38,"column":26}},"21":{"start":{"line":37,"column":4},"end":{"line":37,"column":33}},"22":{"start":{"line":40,"column":2},"end":{"line":62,"column":3}},"23":{"start":{"line":47,"column":23},"end":{"line":47,"column":47}},"24":{"start":{"line":53,"column":12},"end":{"line":53,"column":85}}},"fnMap":{"0":{"name":"(anonymous_0)","decl":{"start":{"line":6,"column":19},"end":{"line":6,"column":20}},"loc":{"start":{"line":6,"column":71},"end":{"line":63,"column":1}},"line":6},"1":{"name":"(anonymous_1)","decl":{"start":{"line":11,"column":29},"end":{"line":11,"column":30}},"loc":{"start":{"line":11,"column":40},"end":{"line":26,"column":3}},"line":11},"2":{"name":"(anonymous_2)","decl":{"start":{"line":13,"column":65},"end":{"line":13,"column":66}},"loc":{"start":{"line":13,"column":79},"end":{"line":15,"column":5}},"line":13},"3":{"name":"(anonymous_3)","decl":{"start":{"line":28,"column":28},"end":{"line":28,"column":29}},"loc":{"start":{"line":28,"column":39},"end":{"line":34,"column":3}},"line":28},"4":{"name":"(anonymous_4)","decl":{"start":{"line":36,"column":12},"end":{"line":36,"column":13}},"loc":{"start":{"line":36,"column":18},"end":{"line":38,"column":3}},"line":36},"5":{"name":"(anonymous_5)","decl":{"start":{"line":47,"column":17},"end":{"line":47,"column":18}},"loc":{"start":{"line":47,"column":23},"end":{"line":47,"column":47}},"line":47},"6":{"name":"(anonymous_6)","decl":{"start":{"line":52,"column":27},"end":{"line":52,"column":28}},"loc":{"start":{"line":52,"column":43},"end":{"line":54,"column":11}},"line":52}},"branchMap":{"0":{"loc":{"start":{"line":13,"column":30},"end":{"line":15,"column":11}},"type":"cond-expr","locations":[{"start":{"line":13,"column":45},"end":{"line":15,"column":6}},{"start":{"line":15,"column":9},"end":{"line":15,"column":11}}],"line":13},"1":{"loc":{"start":{"line":20,"column":4},"end":{"line":24,"column":5}},"type":"if","locations":[{"start":{"line":20,"column":4},"end":{"line":24,"column":5}},{"start":{"line":22,"column":11},"end":{"line":24,"column":5}}],"line":20},"2":{"loc":{"start":{"line":50,"column":7},"end":{"line":59,"column":14}},"type":"cond-expr","locations":[{"start":{"line":51,"column":8},"end":{"line":58,"column":13}},{"start":{"line":59,"column":10},"end":{"line":59,"column":14}}],"line":50}},"s":{"0":7,"1":119,"2":119,"3":119,"4":119,"5":30,"6":30,"7":60,"8":30,"9":30,"10":30,"11":0,"12":30,"13":30,"14":119,"15":3,"16":3,"17":3,"18":3,"19":3,"20":119,"21":34,"22":119,"23":7,"24":42},"f":{"0":119,"1":30,"2":60,"3":3,"4":34,"5":7,"6":42},"b":{"0":[30,0],"1":[0,30],"2":[39,80]},"_coverageSchema":"1a1c01bbd47fc00a2c39e90264f33305004495a9","hash":"025d6e401217de8ed07834f5fef20e98919477ea"}
,"/Users/robertocostantino/myProjects/meet/src/components/Event.jsx": {"path":"/Users/robertocostantino/myProjects/meet/src/components/Event.jsx","statementMap":{"0":{"start":{"line":5,"column":14},"end":{"line":44,"column":1}},"1":{"start":{"line":6,"column":40},"end":{"line":6,"column":55}},"2":{"start":{"line":7,"column":15},"end":{"line":7,"column":45}},"3":{"start":{"line":8,"column":18},"end":{"line":17,"column":3}},"4":{"start":{"line":18,"column":24},"end":{"line":18,"column":78}},"5":{"start":{"line":20,"column":2},"end":{"line":43,"column":4}},"6":{"start":{"line":26,"column":54},"end":{"line":26,"column":82}}},"fnMap":{"0":{"name":"(anonymous_0)","decl":{"start":{"line":5,"column":14},"end":{"line":5,"column":15}},"loc":{"start":{"line":5,"column":27},"end":{"line":44,"column":1}},"line":5},"1":{"name":"(anonymous_1)","decl":{"start":{"line":26,"column":48},"end":{"line":26,"column":49}},"loc":{"start":{"line":26,"column":54},"end":{"line":26,"column":82}},"line":26}},"branchMap":{"0":{"loc":{"start":{"line":27,"column":9},"end":{"line":27,"column":54}},"type":"cond-expr","locations":[{"start":{"line":27,"column":23},"end":{"line":27,"column":37}},{"start":{"line":27,"column":40},"end":{"line":27,"column":54}}],"line":27},"1":{"loc":{"start":{"line":29,"column":7},"end":{"line":41,"column":7}},"type":"binary-expr","locations":[{"start":{"line":29,"column":7},"end":{"line":29,"column":18}},{"start":{"line":30,"column":8},"end":{"line":40,"column":14}}],"line":29}},"s":{"0":8,"1":613,"2":613,"3":613,"4":613,"5":613,"6":1},"f":{"0":613,"1":1},"b":{"0":[1,612],"1":[613,1]},"_coverageSchema":"1a1c01bbd47fc00a2c39e90264f33305004495a9","hash":"efd2fafc22187ad44ee2f8a9040ab43fa57bee6c"}
,"/Users/robertocostantino/myProjects/meet/src/components/EventGenreChart.jsx": {"path":"/Users/robertocostantino/myProjects/meet/src/components/EventGenreChart.jsx","statementMap":{"0":{"start":{"line":5,"column":24},"end":{"line":61,"column":1}},"1":{"start":{"line":6,"column":26},"end":{"line":6,"column":38}},"2":{"start":{"line":7,"column":17},"end":{"line":7,"column":69}},"3":{"start":{"line":8,"column":17},"end":{"line":8,"column":72}},"4":{"start":{"line":10,"column":32},"end":{"line":26,"column":2}},"5":{"start":{"line":11,"column":18},"end":{"line":11,"column":31}},"6":{"start":{"line":12,"column":18},"end":{"line":12,"column":29}},"7":{"start":{"line":13,"column":13},"end":{"line":13,"column":62}},"8":{"start":{"line":14,"column":13},"end":{"line":14,"column":62}},"9":{"start":{"line":15,"column":3},"end":{"line":25,"column":12}},"10":{"start":{"line":28,"column":2},"end":{"line":30,"column":20}},"11":{"start":{"line":29,"column":4},"end":{"line":29,"column":23}},"12":{"start":{"line":32,"column":18},"end":{"line":41,"column":3}},"13":{"start":{"line":33,"column":17},"end":{"line":39,"column":6}},"14":{"start":{"line":34,"column":29},"end":{"line":34,"column":82}},"15":{"start":{"line":34,"column":52},"end":{"line":34,"column":81}},"16":{"start":{"line":35,"column":6},"end":{"line":38,"column":7}},"17":{"start":{"line":40,"column":4},"end":{"line":40,"column":16}},"18":{"start":{"line":43,"column":2},"end":{"line":60,"column":4}},"19":{"start":{"line":55,"column":12},"end":{"line":55,"column":79}}},"fnMap":{"0":{"name":"(anonymous_0)","decl":{"start":{"line":5,"column":24},"end":{"line":5,"column":25}},"loc":{"start":{"line":5,"column":40},"end":{"line":61,"column":1}},"line":5},"1":{"name":"(anonymous_1)","decl":{"start":{"line":10,"column":32},"end":{"line":10,"column":33}},"loc":{"start":{"line":10,"column":87},"end":{"line":26,"column":2}},"line":10},"2":{"name":"(anonymous_2)","decl":{"start":{"line":28,"column":12},"end":{"line":28,"column":13}},"loc":{"start":{"line":28,"column":18},"end":{"line":30,"column":3}},"line":28},"3":{"name":"(anonymous_3)","decl":{"start":{"line":32,"column":18},"end":{"line":32,"column":19}},"loc":{"start":{"line":32,"column":24},"end":{"line":41,"column":3}},"line":32},"4":{"name":"(anonymous_4)","decl":{"start":{"line":33,"column":28},"end":{"line":33,"column":29}},"loc":{"start":{"line":33,"column":37},"end":{"line":39,"column":5}},"line":33},"5":{"name":"(anonymous_5)","decl":{"start":{"line":34,"column":43},"end":{"line":34,"column":44}},"loc":{"start":{"line":34,"column":52},"end":{"line":34,"column":81}},"line":34},"6":{"name":"(anonymous_6)","decl":{"start":{"line":54,"column":20},"end":{"line":54,"column":21}},"loc":{"start":{"line":55,"column":12},"end":{"line":55,"column":79}},"line":55}},"branchMap":{"0":{"loc":{"start":{"line":15,"column":10},"end":{"line":25,"column":11}},"type":"cond-expr","locations":[{"start":{"line":16,"column":5},"end":{"line":24,"column":12}},{"start":{"line":25,"column":7},"end":{"line":25,"column":11}}],"line":15},"1":{"loc":{"start":{"line":20,"column":19},"end":{"line":20,"column":43}},"type":"cond-expr","locations":[{"start":{"line":20,"column":28},"end":{"line":20,"column":35}},{"start":{"line":20,"column":38},"end":{"line":20,"column":43}}],"line":20}},"s":{"0":7,"1":73,"2":73,"3":73,"4":73,"5":0,"6":0,"7":0,"8":0,"9":0,"10":73,"11":33,"12":73,"13":33,"14":165,"15":2200,"16":165,"17":33,"18":73,"19":290},"f":{"0":73,"1":0,"2":33,"3":33,"4":165,"5":2200,"6":290},"b":{"0":[0,0],"1":[0,0]},"_coverageSchema":"1a1c01bbd47fc00a2c39e90264f33305004495a9","hash":"3ce4a664e321beb006c06fab7c0f4f33e0dc96fd"}
,"/Users/robertocostantino/myProjects/meet/src/components/EventList.jsx": {"path":"/Users/robertocostantino/myProjects/meet/src/components/EventList.jsx","statementMap":{"0":{"start":{"line":4,"column":18},"end":{"line":12,"column":1}},"1":{"start":{"line":5,"column":1},"end":{"line":11,"column":3}},"2":{"start":{"line":8,"column":27},"end":{"line":8,"column":65}}},"fnMap":{"0":{"name":"(anonymous_0)","decl":{"start":{"line":4,"column":18},"end":{"line":4,"column":19}},"loc":{"start":{"line":4,"column":34},"end":{"line":12,"column":1}},"line":4},"1":{"name":"(anonymous_1)","decl":{"start":{"line":8,"column":18},"end":{"line":8,"column":19}},"loc":{"start":{"line":8,"column":27},"end":{"line":8,"column":65}},"line":8}},"branchMap":{"0":{"loc":{"start":{"line":7,"column":6},"end":{"line":9,"column":11}},"type":"cond-expr","locations":[{"start":{"line":8,"column":7},"end":{"line":8,"column":66}},{"start":{"line":9,"column":7},"end":{"line":9,"column":11}}],"line":7}},"s":{"0":7,"1":42,"2":605},"f":{"0":42,"1":605},"b":{"0":[41,1]},"_coverageSchema":"1a1c01bbd47fc00a2c39e90264f33305004495a9","hash":"2995deb9418edc4b18c4c4d8d6ee723b14e1da9a"}
,"/Users/robertocostantino/myProjects/meet/src/components/NumberOfEvents.jsx": {"path":"/Users/robertocostantino/myProjects/meet/src/components/NumberOfEvents.jsx","statementMap":{"0":{"start":{"line":5,"column":23},"end":{"line":40,"column":1}},"1":{"start":{"line":6,"column":42},"end":{"line":6,"column":54}},"2":{"start":{"line":9,"column":2},"end":{"line":19,"column":20}},"3":{"start":{"line":11,"column":4},"end":{"line":17,"column":5}},"4":{"start":{"line":12,"column":6},"end":{"line":12,"column":52}},"5":{"start":{"line":13,"column":6},"end":{"line":13,"column":23}},"6":{"start":{"line":15,"column":6},"end":{"line":15,"column":20}},"7":{"start":{"line":16,"column":6},"end":{"line":16,"column":33}},"8":{"start":{"line":18,"column":5},"end":{"line":18,"column":30}},"9":{"start":{"line":29,"column":2},"end":{"line":39,"column":3}},"10":{"start":{"line":36,"column":25},"end":{"line":36,"column":56}}},"fnMap":{"0":{"name":"(anonymous_0)","decl":{"start":{"line":5,"column":23},"end":{"line":5,"column":24}},"loc":{"start":{"line":5,"column":61},"end":{"line":40,"column":1}},"line":5},"1":{"name":"(anonymous_1)","decl":{"start":{"line":9,"column":12},"end":{"line":9,"column":13}},"loc":{"start":{"line":9,"column":18},"end":{"line":19,"column":3}},"line":9},"2":{"name":"(anonymous_2)","decl":{"start":{"line":36,"column":18},"end":{"line":36,"column":19}},"loc":{"start":{"line":36,"column":25},"end":{"line":36,"column":56}},"line":36}},"branchMap":{"0":{"loc":{"start":{"line":11,"column":4},"end":{"line":17,"column":5}},"type":"if","locations":[{"start":{"line":11,"column":4},"end":{"line":17,"column":5}},{"start":{"line":14,"column":11},"end":{"line":17,"column":5}}],"line":11},"1":{"loc":{"start":{"line":11,"column":8},"end":{"line":11,"column":71}},"type":"binary-expr","locations":[{"start":{"line":11,"column":8},"end":{"line":11,"column":27}},{"start":{"line":11,"column":31},"end":{"line":11,"column":48}},{"start":{"line":11,"column":52},"end":{"line":11,"column":71}}],"line":11}},"s":{"0":7,"1":52,"2":52,"3":27,"4":3,"5":3,"6":24,"7":24,"8":27,"9":52,"10":9},"f":{"0":52,"1":27,"2":9},"b":{"0":[3,24],"1":[27,24,24]},"_coverageSchema":"1a1c01bbd47fc00a2c39e90264f33305004495a9","hash":"4471a573e43607b6447f83cea87785f7b76835f4"}
}
