TN:
SF:src/App.jsx
FN:8,App
FN:15,(anonymous_1)
FN:19,(anonymous_2)
FN:23,(anonymous_3)
FNF:4
FNH:4
FNDA:12,App
FNDA:7,(anonymous_1)
FNDA:35,(anonymous_2)
FNDA:7,(anonymous_3)
DA:9,12
DA:10,11
DA:11,11
DA:12,11
DA:15,11
DA:16,7
DA:17,7
DA:19,35
DA:20,7
DA:21,7
DA:23,11
DA:24,7
DA:29,11
LF:13
LH:13
BRDA:17,0,0,6
BRDA:17,0,1,1
BRF:2
BRH:2
end_of_record
TN:
SF:src/api.js
FN:15,(anonymous_0)
FN:16,(anonymous_1)
FN:26,(anonymous_2)
FNF:3
FNH:3
FNDA:10,(anonymous_0)
FNDA:350,(anonymous_1)
FNDA:12,(anonymous_2)
DA:15,3
DA:16,350
DA:17,10
DA:18,10
DA:26,3
DA:27,12
LF:6
LH:6
BRF:0
BRH:0
end_of_record
TN:
SF:src/mock-data.js
FNF:0
FNH:0
DA:1,4
LF:1
LH:1
BRF:0
BRH:0
end_of_record
TN:
SF:src/components/CitySearch.jsx
FN:6,(anonymous_0)
FN:11,(anonymous_1)
FN:13,(anonymous_2)
FN:22,(anonymous_3)
FN:29,(anonymous_4)
FN:40,(anonymous_5)
FN:45,(anonymous_6)
FNF:7
FNH:7
FNDA:58,(anonymous_0)
FNDA:18,(anonymous_1)
FNDA:36,(anonymous_2)
FNDA:2,(anonymous_3)
FNDA:16,(anonymous_4)
FNDA:5,(anonymous_5)
FNDA:26,(anonymous_6)
DA:6,3
DA:7,58
DA:8,58
DA:9,58
DA:11,58
DA:12,18
DA:13,18
DA:14,36
DA:18,18
DA:19,18
DA:22,58
DA:23,2
DA:24,2
DA:25,2
DA:26,2
DA:29,58
DA:30,16
DA:33,58
DA:40,5
DA:46,26
LF:20
LH:20
BRDA:13,0,0,18
BRDA:13,0,1,0
BRDA:43,1,0,24
BRDA:43,1,1,34
BRF:4
BRH:3
end_of_record
TN:
SF:src/components/Event.jsx
FN:5,(anonymous_0)
FN:13,(anonymous_1)
FNF:2
FNH:1
FNDA:187,(anonymous_0)
FNDA:0,(anonymous_1)
DA:5,4
DA:6,187
DA:7,187
DA:13,0
LF:4
LH:3
BRDA:14,0,0,0
BRDA:14,0,1,187
BRDA:16,1,0,187
BRDA:16,1,1,0
BRF:4
BRH:2
end_of_record
TN:
SF:src/components/EventList.jsx
FN:4,(anonymous_0)
FN:8,(anonymous_1)
FNF:2
FNH:2
FNDA:13,(anonymous_0)
FNDA:180,(anonymous_1)
DA:4,3
DA:5,13
DA:8,180
LF:3
LH:3
BRDA:7,0,0,12
BRDA:7,0,1,1
BRF:2
BRH:2
end_of_record
TN:
SF:src/components/NumberOfEvents.jsx
FN:3,(anonymous_0)
FN:12,(anonymous_1)
FNF:2
FNH:2
FNDA:17,(anonymous_0)
FNDA:3,(anonymous_1)
DA:3,4
DA:4,17
DA:5,17
DA:12,3
LF:4
LH:4
BRF:0
BRH:0
end_of_record
