TN:
SF:src/App.jsx
FN:6,App
FNF:1
FNH:1
FNDA:3,App
DA:8,3
LF:1
LH:1
BRF:0
BRH:0
end_of_record
TN:
SF:src/api.js
FN:15,(anonymous_0)
FN:16,(anonymous_1)
FN:26,(anonymous_2)
FNF:3
FNH:3
FNDA:2,(anonymous_0)
FNDA:70,(anonymous_1)
FNDA:3,(anonymous_2)
DA:15,2
DA:16,70
DA:17,2
DA:18,2
DA:26,2
DA:27,3
LF:6
LH:6
BRF:0
BRH:0
end_of_record
TN:
SF:src/mock-data.js
FNF:0
FNH:0
DA:1,3
LF:1
LH:1
BRF:0
BRH:0
end_of_record
TN:
SF:src/components/CitySearch.jsx
FN:6,(anonymous_0)
FN:11,(anonymous_1)
FN:13,(anonymous_2)
FN:22,(anonymous_3)
FN:35,(anonymous_4)
FN:40,(anonymous_5)
FNF:6
FNH:6
FNDA:26,(anonymous_0)
FNDA:12,(anonymous_1)
FNDA:24,(anonymous_2)
FNDA:1,(anonymous_3)
FNDA:3,(anonymous_4)
FNDA:12,(anonymous_5)
DA:6,2
DA:7,26
DA:8,26
DA:9,26
DA:11,26
DA:12,12
DA:13,12
DA:14,24
DA:18,12
DA:19,12
DA:22,26
DA:23,1
DA:24,1
DA:25,1
DA:28,26
DA:35,3
DA:41,12
LF:17
LH:17
BRDA:13,0,0,12
BRDA:13,0,1,0
BRDA:38,1,0,15
BRDA:38,1,1,11
BRF:4
BRH:3
end_of_record
TN:
SF:src/components/Event.jsx
FN:5,(anonymous_0)
FN:13,(anonymous_1)
FNF:2
FNH:1
FNDA:42,(anonymous_0)
FNDA:0,(anonymous_1)
DA:5,3
DA:6,42
DA:7,42
DA:13,0
LF:4
LH:3
BRDA:14,0,0,0
BRDA:14,0,1,42
BRDA:16,1,0,42
BRDA:16,1,1,0
BRF:4
BRH:2
end_of_record
TN:
SF:src/components/EventList.jsx
FN:4,(anonymous_0)
FN:8,(anonymous_1)
FNF:2
FNH:2
FNDA:5,(anonymous_0)
FNDA:35,(anonymous_1)
DA:4,2
DA:5,5
DA:8,35
LF:3
LH:3
BRDA:7,0,0,1
BRDA:7,0,1,4
BRF:2
BRH:2
end_of_record
TN:
SF:src/components/NumberOfEvents.jsx
FN:3,(anonymous_0)
FN:12,(anonymous_1)
FNF:2
FNH:2
FNDA:9,(anonymous_0)
FNDA:3,(anonymous_1)
DA:3,2
DA:4,9
DA:5,9
DA:12,3
LF:4
LH:4
BRF:0
BRH:0
end_of_record
